
  .   ____          _            __ _ _
 /\\ / ___'_ __ _ _(_)_ __  __ _ \ \ \ \
( ( )\___ | '_ | '_| | '_ \/ _` | \ \ \ \
 \\/  ___)| |_)| | | | | || (_| |  ) ) ) )
  '  |____| .__|_| |_|_| |_\__, | / / / /
 =========|_|==============|___/=/_/_/_/
 :: Spring Boot ::                (v2.4.5)

2021-05-16 10:11:42.815  INFO 878 --- [           main] net.pirates.PiratesApplication           : Starting PiratesApplication using Java 11.0.10 on Dongui-Macmini.local with PID 878 (/Users/dong/Workspace/pirates/build/libs/pirates-0.0.1-SNAPSHOT.jar started by dong in /Users/dong/Workspace/pirates/build/libs)
2021-05-16 10:11:42.819  INFO 878 --- [           main] net.pirates.PiratesApplication           : No active profile set, falling back to default profiles: default
2021-05-16 10:11:43.560  INFO 878 --- [           main] .s.d.r.c.RepositoryConfigurationDelegate : Bootstrapping Spring Data JPA repositories in DEFAULT mode.
2021-05-16 10:11:43.633  INFO 878 --- [           main] .s.d.r.c.RepositoryConfigurationDelegate : Finished Spring Data repository scanning in 61 ms. Found 2 JPA repository interfaces.
2021-05-16 10:11:44.253  INFO 878 --- [           main] o.s.b.w.embedded.tomcat.TomcatWebServer  : Tomcat initialized with port(s): 8080 (http)
2021-05-16 10:11:44.270  INFO 878 --- [           main] o.apache.catalina.core.StandardService   : Starting service [Tomcat]
2021-05-16 10:11:44.270  INFO 878 --- [           main] org.apache.catalina.core.StandardEngine  : Starting Servlet engine: [Apache Tomcat/9.0.45]
2021-05-16 10:11:44.349  INFO 878 --- [           main] o.a.c.c.C.[Tomcat].[localhost].[/]       : Initializing Spring embedded WebApplicationContext
2021-05-16 10:11:44.349  INFO 878 --- [           main] w.s.c.ServletWebServerApplicationContext : Root WebApplicationContext: initialization completed in 1474 ms
2021-05-16 10:11:44.413  INFO 878 --- [           main] com.zaxxer.hikari.HikariDataSource       : HikariPool-1 - Starting...
2021-05-16 10:11:44.645  INFO 878 --- [           main] com.zaxxer.hikari.HikariDataSource       : HikariPool-1 - Start completed.
2021-05-16 10:11:44.659  INFO 878 --- [           main] o.s.b.a.h2.H2ConsoleAutoConfiguration    : H2 console available at '/h2-console'. Database available at 'jdbc:h2:mem://localhost/~/pirates'
2021-05-16 10:11:44.845  INFO 878 --- [           main] o.hibernate.jpa.internal.util.LogHelper  : HHH000204: Processing PersistenceUnitInfo [name: default]
2021-05-16 10:11:44.922  INFO 878 --- [           main] org.hibernate.Version                    : HHH000412: Hibernate ORM core version 5.4.30.Final
2021-05-16 10:11:45.126  INFO 878 --- [           main] o.hibernate.annotations.common.Version   : HCANN000001: Hibernate Commons Annotations {5.1.2.Final}
2021-05-16 10:11:45.271  INFO 878 --- [           main] org.hibernate.dialect.Dialect            : HHH000400: Using dialect: org.hibernate.dialect.H2Dialect
Hibernate: 
    
    drop table if exists business_time CASCADE 
Hibernate: 
    
    drop table if exists store CASCADE 
Hibernate: 
    
    create table business_time (
       id bigint generated by default as identity,
        close varchar(255),
        day varchar(255),
        open varchar(255),
        store_id bigint,
        primary key (id)
    )
Hibernate: 
    
    create table store (
       id bigint generated by default as identity,
        address varchar(255),
        description varchar(255),
        level integer,
        name varchar(255),
        owner varchar(255),
        phone varchar(255),
        primary key (id)
    )
Hibernate: 
    
    alter table business_time 
       add constraint fk_business_times 
       foreign key (store_id) 
       references store
2021-05-16 10:11:46.033  INFO 878 --- [           main] o.h.e.t.j.p.i.JtaPlatformInitiator       : HHH000490: Using JtaPlatform implementation: [org.hibernate.engine.transaction.jta.platform.internal.NoJtaPlatform]
2021-05-16 10:11:46.043  INFO 878 --- [           main] j.LocalContainerEntityManagerFactoryBean : Initialized JPA EntityManagerFactory for persistence unit 'default'
2021-05-16 10:11:46.379  WARN 878 --- [           main] JpaBaseConfiguration$JpaWebConfiguration : spring.jpa.open-in-view is enabled by default. Therefore, database queries may be performed during view rendering. Explicitly configure spring.jpa.open-in-view to disable this warning
2021-05-16 10:11:46.486  INFO 878 --- [           main] o.s.s.concurrent.ThreadPoolTaskExecutor  : Initializing ExecutorService 'applicationTaskExecutor'
2021-05-16 10:11:46.768  INFO 878 --- [           main] o.s.b.w.embedded.tomcat.TomcatWebServer  : Tomcat started on port(s): 8080 (http) with context path ''
2021-05-16 10:11:46.776  INFO 878 --- [           main] net.pirates.PiratesApplication           : Started PiratesApplication in 4.504 seconds (JVM running for 5.191)
